<?xml version="1.0" encoding="UTF-8"?>
<!-- Generated by org.testng.reporters.JUnitReportReporter -->
<testsuite skipped="0" hostname="QuocBaoChiem-PC" name="test.BanknCashAccount" tests="1" failures="0" timestamp="2020-01-24T20:28:24 CST" time="31.782" errors="0">
  <testcase name="addNewAccount" time="31.782" classname="test.BanknCashAccount"/>
</testsuite> <!-- test.BanknCashAccount -->
