<?xml version="1.0" encoding="UTF-8"?>
<!-- Generated by org.testng.reporters.JUnitReportReporter -->
<testsuite skipped="0" hostname="QuocBaoChiem-PC" name="test.LoginTest" tests="2" failures="0" timestamp="2020-01-20T15:51:19 CST" time="21.846" errors="0">
  <testcase name="validUserLogin" time="10.956" classname="test.LoginTest"/>
  <testcase name="invalidUserLogin" time="10.890" classname="test.LoginTest"/>
</testsuite> <!-- test.LoginTest -->
