<?xml version="1.0" encoding="UTF-8"?>
<!-- Generated by org.testng.reporters.JUnitReportReporter -->
<testsuite skipped="0" hostname="QuocBaoChiem-PC" name="test.LoginTest" tests="1" failures="0" timestamp="2020-01-19T20:56:37 CST" time="17.157" errors="0">
  <testcase name="loginToTechFios" time="17.157" classname="test.LoginTest"/>
</testsuite> <!-- test.LoginTest -->
